[13-Feb-2019 12:45:55 UTC] PHP Notice:  =============================test in C:\wamp64\www\dev\a3\pethealth\src\index.php on line 13
[13-Feb-2019 12:45:55 UTC] PHP Stack trace:
[13-Feb-2019 12:45:55 UTC] PHP   1. {main}() C:\wamp64\www\dev\a3\pethealth\src\index.php:0
[13-Feb-2019 12:45:55 UTC] PHP   2. trigger_error() C:\wamp64\www\dev\a3\pethealth\src\index.php:13
[13-Feb-2019 12:52:03 UTC] PHP Fatal error:  Uncaught Error: Call to undefined method LogWriter::lopen() in C:\wamp64\www\dev\a3\pethealth\src\log_writer.php:22
Stack trace:
#0 C:\wamp64\www\dev\a3\pethealth\src\index.php(18): LogWriter->write('======= ceci es...')
#1 {main}
  thrown in C:\wamp64\www\dev\a3\pethealth\src\log_writer.php on line 22
[13/Feb/2019:12:52:19] (index) ======= ceci est un test
[13-Feb-2019 12:57:58 UTC] PHP Warning:  fclose() expects parameter 1 to be resource, null given in C:\wamp64\www\dev\a3\pethealth\src\log_writer.php on line 34
[13-Feb-2019 12:57:58 UTC] PHP Stack trace:
[13-Feb-2019 12:57:58 UTC] PHP   1. {main}() C:\wamp64\www\dev\a3\pethealth\src\index.php:0
[13-Feb-2019 12:57:58 UTC] PHP   2. LogWriter->closeFile() C:\wamp64\www\dev\a3\pethealth\src\index.php:22
[13-Feb-2019 12:57:58 UTC] PHP   3. fclose() C:\wamp64\www\dev\a3\pethealth\src\log_writer.php:34
[13-Feb-2019 12:58:26 UTC] PHP Warning:  fclose() expects parameter 1 to be resource, null given in C:\wamp64\www\dev\a3\pethealth\src\log_writer.php on line 34
[13-Feb-2019 12:58:26 UTC] PHP Stack trace:
[13-Feb-2019 12:58:26 UTC] PHP   1. {main}() C:\wamp64\www\dev\a3\pethealth\src\index.php:0
[13-Feb-2019 12:58:26 UTC] PHP   2. LogWriter->closeFile() C:\wamp64\www\dev\a3\pethealth\src\index.php:22
[13-Feb-2019 12:58:26 UTC] PHP   3. fclose() C:\wamp64\www\dev\a3\pethealth\src\log_writer.php:34
[13-Feb-2019 12:58:27 UTC] PHP Warning:  fclose() expects parameter 1 to be resource, null given in C:\wamp64\www\dev\a3\pethealth\src\log_writer.php on line 34
[13-Feb-2019 12:58:27 UTC] PHP Stack trace:
[13-Feb-2019 12:58:27 UTC] PHP   1. {main}() C:\wamp64\www\dev\a3\pethealth\src\index.php:0
[13-Feb-2019 12:58:27 UTC] PHP   2. LogWriter->closeFile() C:\wamp64\www\dev\a3\pethealth\src\index.php:22
[13-Feb-2019 12:58:27 UTC] PHP   3. fclose() C:\wamp64\www\dev\a3\pethealth\src\log_writer.php:34
[13-Feb-2019 12:58:27 UTC] PHP Warning:  fclose() expects parameter 1 to be resource, null given in C:\wamp64\www\dev\a3\pethealth\src\log_writer.php on line 34
[13-Feb-2019 12:58:27 UTC] PHP Stack trace:
[13-Feb-2019 12:58:27 UTC] PHP   1. {main}() C:\wamp64\www\dev\a3\pethealth\src\index.php:0
[13-Feb-2019 12:58:27 UTC] PHP   2. LogWriter->closeFile() C:\wamp64\www\dev\a3\pethealth\src\index.php:22
[13-Feb-2019 12:58:27 UTC] PHP   3. fclose() C:\wamp64\www\dev\a3\pethealth\src\log_writer.php:34
[13-Feb-2019 12:58:27 UTC] PHP Warning:  fclose() expects parameter 1 to be resource, null given in C:\wamp64\www\dev\a3\pethealth\src\log_writer.php on line 34
[13-Feb-2019 12:58:27 UTC] PHP Stack trace:
[13-Feb-2019 12:58:27 UTC] PHP   1. {main}() C:\wamp64\www\dev\a3\pethealth\src\index.php:0
[13-Feb-2019 12:58:27 UTC] PHP   2. LogWriter->closeFile() C:\wamp64\www\dev\a3\pethealth\src\index.php:22
[13-Feb-2019 12:58:27 UTC] PHP   3. fclose() C:\wamp64\www\dev\a3\pethealth\src\log_writer.php:34
[13-Feb-2019 12:58:28 UTC] PHP Warning:  fclose() expects parameter 1 to be resource, null given in C:\wamp64\www\dev\a3\pethealth\src\log_writer.php on line 34
[13-Feb-2019 12:58:28 UTC] PHP Stack trace:
[13-Feb-2019 12:58:28 UTC] PHP   1. {main}() C:\wamp64\www\dev\a3\pethealth\src\index.php:0
[13-Feb-2019 12:58:28 UTC] PHP   2. LogWriter->closeFile() C:\wamp64\www\dev\a3\pethealth\src\index.php:22
[13-Feb-2019 12:58:28 UTC] PHP   3. fclose() C:\wamp64\www\dev\a3\pethealth\src\log_writer.php:34
[13-Feb-2019 12:58:28 UTC] PHP Warning:  fclose() expects parameter 1 to be resource, null given in C:\wamp64\www\dev\a3\pethealth\src\log_writer.php on line 34
[13-Feb-2019 12:58:28 UTC] PHP Stack trace:
[13-Feb-2019 12:58:28 UTC] PHP   1. {main}() C:\wamp64\www\dev\a3\pethealth\src\index.php:0
[13-Feb-2019 12:58:28 UTC] PHP   2. LogWriter->closeFile() C:\wamp64\www\dev\a3\pethealth\src\index.php:22
[13-Feb-2019 12:58:28 UTC] PHP   3. fclose() C:\wamp64\www\dev\a3\pethealth\src\log_writer.php:34
[13-Feb-2019 12:58:28 UTC] PHP Warning:  fclose() expects parameter 1 to be resource, null given in C:\wamp64\www\dev\a3\pethealth\src\log_writer.php on line 34
[13-Feb-2019 12:58:28 UTC] PHP Stack trace:
[13-Feb-2019 12:58:28 UTC] PHP   1. {main}() C:\wamp64\www\dev\a3\pethealth\src\index.php:0
[13-Feb-2019 12:58:28 UTC] PHP   2. LogWriter->closeFile() C:\wamp64\www\dev\a3\pethealth\src\index.php:22
[13-Feb-2019 12:58:28 UTC] PHP   3. fclose() C:\wamp64\www\dev\a3\pethealth\src\log_writer.php:34
[13-Feb-2019 12:59:51 UTC] PHP Warning:  fclose() expects parameter 1 to be resource, null given in C:\wamp64\www\dev\a3\pethealth\src\log_writer.php on line 34
[13-Feb-2019 12:59:51 UTC] PHP Stack trace:
[13-Feb-2019 12:59:51 UTC] PHP   1. {main}() C:\wamp64\www\dev\a3\pethealth\src\index.php:0
[13-Feb-2019 12:59:51 UTC] PHP   2. LogWriter->closeFile() C:\wamp64\www\dev\a3\pethealth\src\index.php:22
[13-Feb-2019 12:59:51 UTC] PHP   3. fclose() C:\wamp64\www\dev\a3\pethealth\src\log_writer.php:34
[13-Feb-2019 12:59:53 UTC] PHP Warning:  fclose() expects parameter 1 to be resource, null given in C:\wamp64\www\dev\a3\pethealth\src\log_writer.php on line 34
[13-Feb-2019 12:59:53 UTC] PHP Stack trace:
[13-Feb-2019 12:59:53 UTC] PHP   1. {main}() C:\wamp64\www\dev\a3\pethealth\src\index.php:0
[13-Feb-2019 12:59:53 UTC] PHP   2. LogWriter->closeFile() C:\wamp64\www\dev\a3\pethealth\src\index.php:22
[13-Feb-2019 12:59:53 UTC] PHP   3. fclose() C:\wamp64\www\dev\a3\pethealth\src\log_writer.php:34
[13-Feb-2019 12:59:53 UTC] PHP Warning:  fclose() expects parameter 1 to be resource, null given in C:\wamp64\www\dev\a3\pethealth\src\log_writer.php on line 34
[13-Feb-2019 12:59:53 UTC] PHP Stack trace:
[13-Feb-2019 12:59:53 UTC] PHP   1. {main}() C:\wamp64\www\dev\a3\pethealth\src\index.php:0
[13-Feb-2019 12:59:53 UTC] PHP   2. LogWriter->closeFile() C:\wamp64\www\dev\a3\pethealth\src\index.php:22
[13-Feb-2019 12:59:53 UTC] PHP   3. fclose() C:\wamp64\www\dev\a3\pethealth\src\log_writer.php:34
[13-Feb-2019 12:59:53 UTC] PHP Warning:  fclose() expects parameter 1 to be resource, null given in C:\wamp64\www\dev\a3\pethealth\src\log_writer.php on line 34
[13-Feb-2019 12:59:53 UTC] PHP Stack trace:
[13-Feb-2019 12:59:53 UTC] PHP   1. {main}() C:\wamp64\www\dev\a3\pethealth\src\index.php:0
[13-Feb-2019 12:59:53 UTC] PHP   2. LogWriter->closeFile() C:\wamp64\www\dev\a3\pethealth\src\index.php:22
[13-Feb-2019 12:59:53 UTC] PHP   3. fclose() C:\wamp64\www\dev\a3\pethealth\src\log_writer.php:34
[13-Feb-2019 12:59:53 UTC] PHP Warning:  fclose() expects parameter 1 to be resource, null given in C:\wamp64\www\dev\a3\pethealth\src\log_writer.php on line 34
[13-Feb-2019 12:59:53 UTC] PHP Stack trace:
[13-Feb-2019 12:59:53 UTC] PHP   1. {main}() C:\wamp64\www\dev\a3\pethealth\src\index.php:0
[13-Feb-2019 12:59:53 UTC] PHP   2. LogWriter->closeFile() C:\wamp64\www\dev\a3\pethealth\src\index.php:22
[13-Feb-2019 12:59:53 UTC] PHP   3. fclose() C:\wamp64\www\dev\a3\pethealth\src\log_writer.php:34
[13-Feb-2019 12:59:53 UTC] PHP Warning:  fclose() expects parameter 1 to be resource, null given in C:\wamp64\www\dev\a3\pethealth\src\log_writer.php on line 34
[13-Feb-2019 12:59:53 UTC] PHP Stack trace:
[13-Feb-2019 12:59:53 UTC] PHP   1. {main}() C:\wamp64\www\dev\a3\pethealth\src\index.php:0
[13-Feb-2019 12:59:53 UTC] PHP   2. LogWriter->closeFile() C:\wamp64\www\dev\a3\pethealth\src\index.php:22
[13-Feb-2019 12:59:53 UTC] PHP   3. fclose() C:\wamp64\www\dev\a3\pethealth\src\log_writer.php:34
[13-Feb-2019 12:59:54 UTC] PHP Warning:  fclose() expects parameter 1 to be resource, null given in C:\wamp64\www\dev\a3\pethealth\src\log_writer.php on line 34
[13-Feb-2019 12:59:54 UTC] PHP Stack trace:
[13-Feb-2019 12:59:54 UTC] PHP   1. {main}() C:\wamp64\www\dev\a3\pethealth\src\index.php:0
[13-Feb-2019 12:59:54 UTC] PHP   2. LogWriter->closeFile() C:\wamp64\www\dev\a3\pethealth\src\index.php:22
[13-Feb-2019 12:59:54 UTC] PHP   3. fclose() C:\wamp64\www\dev\a3\pethealth\src\log_writer.php:34
[13-Feb-2019 12:59:54 UTC] PHP Warning:  fclose() expects parameter 1 to be resource, null given in C:\wamp64\www\dev\a3\pethealth\src\log_writer.php on line 34
[13-Feb-2019 12:59:54 UTC] PHP Stack trace:
[13-Feb-2019 12:59:54 UTC] PHP   1. {main}() C:\wamp64\www\dev\a3\pethealth\src\index.php:0
[13-Feb-2019 12:59:54 UTC] PHP   2. LogWriter->closeFile() C:\wamp64\www\dev\a3\pethealth\src\index.php:22
[13-Feb-2019 12:59:54 UTC] PHP   3. fclose() C:\wamp64\www\dev\a3\pethealth\src\log_writer.php:34
[13-Feb-2019 12:59:55 UTC] PHP Warning:  fclose() expects parameter 1 to be resource, null given in C:\wamp64\www\dev\a3\pethealth\src\log_writer.php on line 34
[13-Feb-2019 12:59:55 UTC] PHP Stack trace:
[13-Feb-2019 12:59:55 UTC] PHP   1. {main}() C:\wamp64\www\dev\a3\pethealth\src\index.php:0
[13-Feb-2019 12:59:55 UTC] PHP   2. LogWriter->closeFile() C:\wamp64\www\dev\a3\pethealth\src\index.php:22
[13-Feb-2019 12:59:55 UTC] PHP   3. fclose() C:\wamp64\www\dev\a3\pethealth\src\log_writer.php:34
[13-Feb-2019 12:59:55 UTC] PHP Warning:  fclose() expects parameter 1 to be resource, null given in C:\wamp64\www\dev\a3\pethealth\src\log_writer.php on line 34
[13-Feb-2019 12:59:55 UTC] PHP Stack trace:
[13-Feb-2019 12:59:55 UTC] PHP   1. {main}() C:\wamp64\www\dev\a3\pethealth\src\index.php:0
[13-Feb-2019 12:59:55 UTC] PHP   2. LogWriter->closeFile() C:\wamp64\www\dev\a3\pethealth\src\index.php:22
[13-Feb-2019 12:59:55 UTC] PHP   3. fclose() C:\wamp64\www\dev\a3\pethealth\src\log_writer.php:34
[13/Feb/2019:13:00:11] (index) log test
[13-Feb-2019 13:02:40 UTC] PHP Notice:  No file "pethealth/logs/server_error.log" - create default file "pethealth/logs/server_error.log" in C:\wamp64\www\dev\a3\pethealth\src\log_writer.php on line 42
[13-Feb-2019 13:02:40 UTC] PHP Stack trace:
[13-Feb-2019 13:02:40 UTC] PHP   1. {main}() C:\wamp64\www\dev\a3\pethealth\src\index.php:0
[13-Feb-2019 13:02:40 UTC] PHP   2. LogWriter->write() C:\wamp64\www\dev\a3\pethealth\src\index.php:18
[13-Feb-2019 13:02:40 UTC] PHP   3. LogWriter->openFile() C:\wamp64\www\dev\a3\pethealth\src\log_writer.php:22
[13-Feb-2019 13:02:40 UTC] PHP   4. trigger_error() C:\wamp64\www\dev\a3\pethealth\src\log_writer.php:42
[13/Feb/2019:13:02:40] (index) log test
[13/Feb/2019:13:04:01] (index) log test
[13-Feb-2019 13:04:38 UTC] PHP Notice:  Undefined variable: defaultLogPath in C:\wamp64\www\dev\a3\pethealth\src\log_writer.php on line 39
[13-Feb-2019 13:04:38 UTC] PHP Stack trace:
[13-Feb-2019 13:04:38 UTC] PHP   1. {main}() C:\wamp64\www\dev\a3\pethealth\src\index.php:0
[13-Feb-2019 13:04:38 UTC] PHP   2. LogWriter->write() C:\wamp64\www\dev\a3\pethealth\src\index.php:18
[13-Feb-2019 13:04:38 UTC] PHP   3. LogWriter->openFile() C:\wamp64\www\dev\a3\pethealth\src\log_writer.php:22
[13-Feb-2019 13:04:38 UTC] PHP Warning:  fopen(): Filename cannot be empty in C:\wamp64\www\dev\a3\pethealth\src\log_writer.php on line 42
[13-Feb-2019 13:04:38 UTC] PHP Stack trace:
[13-Feb-2019 13:04:38 UTC] PHP   1. {main}() C:\wamp64\www\dev\a3\pethealth\src\index.php:0
[13-Feb-2019 13:04:38 UTC] PHP   2. LogWriter->write() C:\wamp64\www\dev\a3\pethealth\src\index.php:18
[13-Feb-2019 13:04:38 UTC] PHP   3. LogWriter->openFile() C:\wamp64\www\dev\a3\pethealth\src\log_writer.php:22
[13-Feb-2019 13:04:38 UTC] PHP   4. fopen() C:\wamp64\www\dev\a3\pethealth\src\log_writer.php:42
[13-Feb-2019 13:04:55 UTC] PHP Notice:  Undefined variable: lfile in C:\wamp64\www\dev\a3\pethealth\src\log_writer.php on line 40
[13-Feb-2019 13:04:55 UTC] PHP Stack trace:
[13-Feb-2019 13:04:55 UTC] PHP   1. {main}() C:\wamp64\www\dev\a3\pethealth\src\index.php:0
[13-Feb-2019 13:04:55 UTC] PHP   2. LogWriter->write() C:\wamp64\www\dev\a3\pethealth\src\index.php:18
[13-Feb-2019 13:04:55 UTC] PHP   3. LogWriter->openFile() C:\wamp64\www\dev\a3\pethealth\src\log_writer.php:22
[13-Feb-2019 13:04:55 UTC] PHP Warning:  fopen(): Filename cannot be empty in C:\wamp64\www\dev\a3\pethealth\src\log_writer.php on line 40
[13-Feb-2019 13:04:55 UTC] PHP Stack trace:
[13-Feb-2019 13:04:55 UTC] PHP   1. {main}() C:\wamp64\www\dev\a3\pethealth\src\index.php:0
[13-Feb-2019 13:04:55 UTC] PHP   2. LogWriter->write() C:\wamp64\www\dev\a3\pethealth\src\index.php:18
[13-Feb-2019 13:04:55 UTC] PHP   3. LogWriter->openFile() C:\wamp64\www\dev\a3\pethealth\src\log_writer.php:22
[13-Feb-2019 13:04:55 UTC] PHP   4. fopen() C:\wamp64\www\dev\a3\pethealth\src\log_writer.php:40
[13-Feb-2019 13:04:55 UTC] PHP Notice:  Undefined variable: lfile in C:\wamp64\www\dev\a3\pethealth\src\log_writer.php on line 40
[13-Feb-2019 13:04:55 UTC] PHP Stack trace:
[13-Feb-2019 13:04:55 UTC] PHP   1. {main}() C:\wamp64\www\dev\a3\pethealth\src\index.php:0
[13-Feb-2019 13:04:55 UTC] PHP   2. LogWriter->write() C:\wamp64\www\dev\a3\pethealth\src\index.php:18
[13-Feb-2019 13:04:55 UTC] PHP   3. LogWriter->openFile() C:\wamp64\www\dev\a3\pethealth\src\log_writer.php:22
[13-Feb-2019 13:05:11 UTC] PHP Notice:  Undefined variable: lfile in C:\wamp64\www\dev\a3\pethealth\src\log_writer.php on line 40
[13-Feb-2019 13:05:11 UTC] PHP Stack trace:
[13-Feb-2019 13:05:11 UTC] PHP   1. {main}() C:\wamp64\www\dev\a3\pethealth\src\index.php:0
[13-Feb-2019 13:05:11 UTC] PHP   2. LogWriter->write() C:\wamp64\www\dev\a3\pethealth\src\index.php:18
[13-Feb-2019 13:05:11 UTC] PHP   3. LogWriter->openFile() C:\wamp64\www\dev\a3\pethealth\src\log_writer.php:22
[13-Feb-2019 13:05:11 UTC] PHP Notice:  Undefined property: LogWriter::$ in C:\wamp64\www\dev\a3\pethealth\src\log_writer.php on line 40
[13-Feb-2019 13:05:11 UTC] PHP Stack trace:
[13-Feb-2019 13:05:11 UTC] PHP   1. {main}() C:\wamp64\www\dev\a3\pethealth\src\index.php:0
[13-Feb-2019 13:05:11 UTC] PHP   2. LogWriter->write() C:\wamp64\www\dev\a3\pethealth\src\index.php:18
[13-Feb-2019 13:05:11 UTC] PHP   3. LogWriter->openFile() C:\wamp64\www\dev\a3\pethealth\src\log_writer.php:22
[13-Feb-2019 13:05:11 UTC] PHP Warning:  fopen(): Filename cannot be empty in C:\wamp64\www\dev\a3\pethealth\src\log_writer.php on line 40
[13-Feb-2019 13:05:11 UTC] PHP Stack trace:
[13-Feb-2019 13:05:11 UTC] PHP   1. {main}() C:\wamp64\www\dev\a3\pethealth\src\index.php:0
[13-Feb-2019 13:05:11 UTC] PHP   2. LogWriter->write() C:\wamp64\www\dev\a3\pethealth\src\index.php:18
[13-Feb-2019 13:05:11 UTC] PHP   3. LogWriter->openFile() C:\wamp64\www\dev\a3\pethealth\src\log_writer.php:22
[13-Feb-2019 13:05:11 UTC] PHP   4. fopen() C:\wamp64\www\dev\a3\pethealth\src\log_writer.php:40
[13-Feb-2019 13:05:11 UTC] PHP Notice:  Undefined variable: lfile in C:\wamp64\www\dev\a3\pethealth\src\log_writer.php on line 40
[13-Feb-2019 13:05:11 UTC] PHP Stack trace:
[13-Feb-2019 13:05:11 UTC] PHP   1. {main}() C:\wamp64\www\dev\a3\pethealth\src\index.php:0
[13-Feb-2019 13:05:11 UTC] PHP   2. LogWriter->write() C:\wamp64\www\dev\a3\pethealth\src\index.php:18
[13-Feb-2019 13:05:11 UTC] PHP   3. LogWriter->openFile() C:\wamp64\www\dev\a3\pethealth\src\log_writer.php:22
[13-Feb-2019 13:05:21 UTC] PHP Notice:  Undefined variable: log_file in C:\wamp64\www\dev\a3\pethealth\src\log_writer.php on line 40
[13-Feb-2019 13:05:21 UTC] PHP Stack trace:
[13-Feb-2019 13:05:21 UTC] PHP   1. {main}() C:\wamp64\www\dev\a3\pethealth\src\index.php:0
[13-Feb-2019 13:05:21 UTC] PHP   2. LogWriter->write() C:\wamp64\www\dev\a3\pethealth\src\index.php:18
[13-Feb-2019 13:05:21 UTC] PHP   3. LogWriter->openFile() C:\wamp64\www\dev\a3\pethealth\src\log_writer.php:22
[13-Feb-2019 13:05:21 UTC] PHP Notice:  Undefined property: LogWriter::$ in C:\wamp64\www\dev\a3\pethealth\src\log_writer.php on line 40
[13-Feb-2019 13:05:21 UTC] PHP Stack trace:
[13-Feb-2019 13:05:21 UTC] PHP   1. {main}() C:\wamp64\www\dev\a3\pethealth\src\index.php:0
[13-Feb-2019 13:05:21 UTC] PHP   2. LogWriter->write() C:\wamp64\www\dev\a3\pethealth\src\index.php:18
[13-Feb-2019 13:05:21 UTC] PHP   3. LogWriter->openFile() C:\wamp64\www\dev\a3\pethealth\src\log_writer.php:22
[13-Feb-2019 13:05:21 UTC] PHP Warning:  fopen(): Filename cannot be empty in C:\wamp64\www\dev\a3\pethealth\src\log_writer.php on line 40
[13-Feb-2019 13:05:21 UTC] PHP Stack trace:
[13-Feb-2019 13:05:21 UTC] PHP   1. {main}() C:\wamp64\www\dev\a3\pethealth\src\index.php:0
[13-Feb-2019 13:05:21 UTC] PHP   2. LogWriter->write() C:\wamp64\www\dev\a3\pethealth\src\index.php:18
[13-Feb-2019 13:05:21 UTC] PHP   3. LogWriter->openFile() C:\wamp64\www\dev\a3\pethealth\src\log_writer.php:22
[13-Feb-2019 13:05:21 UTC] PHP   4. fopen() C:\wamp64\www\dev\a3\pethealth\src\log_writer.php:40
[13-Feb-2019 13:05:21 UTC] PHP Notice:  Undefined variable: lfile in C:\wamp64\www\dev\a3\pethealth\src\log_writer.php on line 40
[13-Feb-2019 13:05:21 UTC] PHP Stack trace:
[13-Feb-2019 13:05:21 UTC] PHP   1. {main}() C:\wamp64\www\dev\a3\pethealth\src\index.php:0
[13-Feb-2019 13:05:21 UTC] PHP   2. LogWriter->write() C:\wamp64\www\dev\a3\pethealth\src\index.php:18
[13-Feb-2019 13:05:21 UTC] PHP   3. LogWriter->openFile() C:\wamp64\www\dev\a3\pethealth\src\log_writer.php:22
[13-Feb-2019 13:05:27 UTC] PHP Warning:  fopen(): Filename cannot be empty in C:\wamp64\www\dev\a3\pethealth\src\log_writer.php on line 40
[13-Feb-2019 13:05:27 UTC] PHP Stack trace:
[13-Feb-2019 13:05:27 UTC] PHP   1. {main}() C:\wamp64\www\dev\a3\pethealth\src\index.php:0
[13-Feb-2019 13:05:27 UTC] PHP   2. LogWriter->write() C:\wamp64\www\dev\a3\pethealth\src\index.php:18
[13-Feb-2019 13:05:27 UTC] PHP   3. LogWriter->openFile() C:\wamp64\www\dev\a3\pethealth\src\log_writer.php:22
[13-Feb-2019 13:05:27 UTC] PHP   4. fopen() C:\wamp64\www\dev\a3\pethealth\src\log_writer.php:40
[13-Feb-2019 13:05:27 UTC] PHP Notice:  Undefined variable: lfile in C:\wamp64\www\dev\a3\pethealth\src\log_writer.php on line 40
[13-Feb-2019 13:05:27 UTC] PHP Stack trace:
[13-Feb-2019 13:05:27 UTC] PHP   1. {main}() C:\wamp64\www\dev\a3\pethealth\src\index.php:0
[13-Feb-2019 13:05:27 UTC] PHP   2. LogWriter->write() C:\wamp64\www\dev\a3\pethealth\src\index.php:18
[13-Feb-2019 13:05:27 UTC] PHP   3. LogWriter->openFile() C:\wamp64\www\dev\a3\pethealth\src\log_writer.php:22
[13-Feb-2019 13:05:48 UTC] PHP Warning:  fclose() expects parameter 1 to be resource, null given in C:\wamp64\www\dev\a3\pethealth\src\log_writer.php on line 34
[13-Feb-2019 13:05:48 UTC] PHP Stack trace:
[13-Feb-2019 13:05:48 UTC] PHP   1. {main}() C:\wamp64\www\dev\a3\pethealth\src\index.php:0
[13-Feb-2019 13:05:48 UTC] PHP   2. LogWriter->closeFile() C:\wamp64\www\dev\a3\pethealth\src\index.php:23
[13-Feb-2019 13:05:48 UTC] PHP   3. fclose() C:\wamp64\www\dev\a3\pethealth\src\log_writer.php:34
[13-Feb-2019 13:08:03 UTC] PHP Warning:  fclose() expects parameter 1 to be resource, null given in C:\wamp64\www\dev\a3\pethealth\src\log_writer.php on line 34
[13-Feb-2019 13:08:03 UTC] PHP Stack trace:
[13-Feb-2019 13:08:03 UTC] PHP   1. {main}() C:\wamp64\www\dev\a3\pethealth\src\index.php:0
[13-Feb-2019 13:08:03 UTC] PHP   2. LogWriter->closeFile() C:\wamp64\www\dev\a3\pethealth\src\index.php:23
[13-Feb-2019 13:08:03 UTC] PHP   3. fclose() C:\wamp64\www\dev\a3\pethealth\src\log_writer.php:34
[13/Feb/2019:13:08:56] (index) log test
[13-Feb-2019 13:11:49 UTC] PHP Warning:  fclose() expects parameter 1 to be resource, null given in C:\wamp64\www\dev\a3\pethealth\src\log_writer.php on line 34
[13-Feb-2019 13:11:49 UTC] PHP Stack trace:
[13-Feb-2019 13:11:49 UTC] PHP   1. {main}() C:\wamp64\www\dev\a3\pethealth\src\index.php:0
[13-Feb-2019 13:11:49 UTC] PHP   2. LogWriter->closeFile() C:\wamp64\www\dev\a3\pethealth\src\index.php:23
[13-Feb-2019 13:11:49 UTC] PHP   3. fclose() C:\wamp64\www\dev\a3\pethealth\src\log_writer.php:34
[13-Feb-2019 13:12:21 UTC] PHP Warning:  fclose() expects parameter 1 to be resource, null given in C:\wamp64\www\dev\a3\pethealth\src\log_writer.php on line 34
[13-Feb-2019 13:12:21 UTC] PHP Stack trace:
[13-Feb-2019 13:12:21 UTC] PHP   1. {main}() C:\wamp64\www\dev\a3\pethealth\src\index.php:0
[13-Feb-2019 13:12:21 UTC] PHP   2. LogWriter->closeFile() C:\wamp64\www\dev\a3\pethealth\src\index.php:23
[13-Feb-2019 13:12:21 UTC] PHP   3. fclose() C:\wamp64\www\dev\a3\pethealth\src\log_writer.php:34
